2025-10-22 23:47:42,346 INFO: Background monitor started (interval 2.0)
2025-10-22 23:47:42,364 INFO: Modern Server Administrator - production-ready (final)
2025-10-22 23:47:42,364 INFO: Sites: /workspace/sites, Logs: /workspace/logs
2025-10-22 23:47:42,540 INFO: Caddy available: True, Node available: True
2025-10-22 23:49:35,759 INFO: Background monitor started (interval 2.0)
2025-10-22 23:49:35,774 INFO: Modern Server Administrator - production-ready (final)
2025-10-22 23:49:35,779 INFO: Sites: /workspace/sites, Logs: /workspace/logs
2025-10-22 23:49:35,864 INFO: Caddy available: True, Node available: True
2025-10-22 23:50:30,631 INFO: Background monitor started (interval 2.0)
2025-10-22 23:50:30,645 INFO: Modern Server Administrator - production-ready (final)
2025-10-22 23:50:30,645 INFO: Sites: /workspace/sites, Logs: /workspace/logs
2025-10-22 23:50:30,749 INFO: Caddy available: True, Node available: True
2025-10-23 00:30:44,897 INFO: Background monitor started (interval 2.0)
2025-10-23 00:31:28,610 INFO: Background monitor started (interval 2.0)
2025-10-23 00:31:28,619 INFO: Modern Server Administrator - production-ready (final)
2025-10-23 00:31:28,620 INFO: Sites: /workspace/sites, Logs: /workspace/logs
2025-10-23 00:31:28,698 INFO: Caddy available: True, Node available: True
2025-10-23 00:31:46,318 INFO: Background monitor started (interval 2.0)
2025-10-23 00:31:46,327 INFO: Modern Server Administrator - production-ready (final)
2025-10-23 00:31:46,327 INFO: Sites: /workspace/sites, Logs: /workspace/logs
2025-10-23 00:31:46,413 INFO: Caddy available: True, Node available: True
2025-10-23 00:32:06,407 INFO: Background monitor started (interval 2.0)
2025-10-23 00:32:06,421 INFO: Modern Server Administrator - production-ready (final)
2025-10-23 00:32:06,421 INFO: Sites: /workspace/sites, Logs: /workspace/logs
2025-10-23 00:32:06,518 INFO: Caddy available: True, Node available: True
2025-10-23 00:35:15,672 INFO: Background monitor started (interval 2.0)
2025-10-23 00:35:15,687 INFO: Modern Server Administrator - production-ready (final)
2025-10-23 00:35:15,694 INFO: Sites: /workspace/sites, Logs: /workspace/logs
2025-10-23 00:35:15,803 INFO: Caddy available: True, Node available: True
2025-10-23 00:38:07,295 INFO: Settings saved to disk
2025-10-23 00:38:07,295 ERROR: api_update_settings error
Traceback (most recent call last):
  File "/workspace/web_server_admin.py", line 1447, in api_update_settings
    start_monitor_thread()
    ^^^^^^^^^^^^^^^^^^^^
NameError: name 'start_monitor_thread' is not defined
2025-10-23 00:38:23,572 INFO: Settings saved to disk
2025-10-23 00:38:23,572 ERROR: api_update_settings error
Traceback (most recent call last):
  File "/workspace/web_server_admin.py", line 1447, in api_update_settings
    # Start new monitor thread
NameError: name 'start_monitor_thread' is not defined
2025-10-23 00:39:05,671 INFO: Background monitor started (interval 2.0)
2025-10-23 00:39:05,675 INFO: Settings loaded from disk
2025-10-23 00:39:05,690 INFO: Modern Server Administrator - production-ready (final)
2025-10-23 00:39:05,690 INFO: Sites: /workspace/sites, Logs: /workspace/logs
2025-10-23 00:39:05,784 INFO: Caddy available: True, Node available: True
2025-10-23 07:17:11,798 INFO: Background monitor started (interval 2.0)
2025-10-23 07:17:11,798 INFO: Settings loaded from disk
2025-10-23 07:17:11,805 INFO: Modern Server Administrator - production-ready (final)
2025-10-23 07:17:11,805 INFO: Sites: /workspace/sites, Logs: /workspace/logs
2025-10-23 07:17:11,821 INFO: Apache available: True, Node available: True
2025-10-23 07:40:33,124 INFO: Background monitor started (interval 2.0)
2025-10-23 07:40:33,124 INFO: Settings loaded from disk
2025-10-23 07:40:33,125 ERROR: load_servers_from_disk failed
Traceback (most recent call last):
  File "/workspace/web_server_admin.py", line 261, in load_servers_from_disk
    data = json.load(f)
  File "/usr/lib/python3.13/json/__init__.py", line 293, in load
    return loads(fp.read(),
        cls=cls, object_hook=object_hook,
        parse_float=parse_float, parse_int=parse_int,
        parse_constant=parse_constant, object_pairs_hook=object_pairs_hook, **kw)
  File "/usr/lib/python3.13/json/__init__.py", line 346, in loads
    return _default_decoder.decode(s)
           ~~~~~~~~~~~~~~~~~~~~~~~^^^
  File "/usr/lib/python3.13/json/decoder.py", line 345, in decode
    obj, end = self.raw_decode(s, idx=_w(s, 0).end())
               ~~~~~~~~~~~~~~~^^^^^^^^^^^^^^^^^^^^^^^
  File "/usr/lib/python3.13/json/decoder.py", line 363, in raw_decode
    raise JSONDecodeError("Expecting value", s, err.value) from None
json.decoder.JSONDecodeError: Expecting value: line 1 column 1 (char 0)
2025-10-23 07:40:33,133 INFO: Modern Server Administrator - production-ready (final)
2025-10-23 07:40:33,133 INFO: Sites: /workspace/sites, Logs: /workspace/logs
2025-10-23 07:40:33,145 INFO: Apache available: True, Node available: True
2025-10-23 07:40:48,814 ERROR: start_server_process failed
Traceback (most recent call last):
  File "/workspace/web_server_admin.py", line 420, in start_server_process
    save_servers()
    ^^^^^^^^^^^^
NameError: name 'save_servers' is not defined. Did you mean: 'api_servers'?
2025-10-23 08:42:58,969 ERROR: start_server_process failed
Traceback (most recent call last):
  File "/workspace/web_server_admin.py", line 420, in start_server_process
    if success:
            ^^^
NameError: name 'save_servers' is not defined. Did you mean: 'api_servers'?
